#
# There is insufficient memory for the Java Runtime Environment to continue.
# Native memory allocation (malloc) failed to allocate 1048576 bytes for AllocateHeap
# Possible reasons:
#   The system is out of physical RAM or swap space
#   The process is running with CompressedOops enabled, and the Java Heap may be blocking the growth of the native heap
# Possible solutions:
#   Reduce memory load on the system
#   Increase physical memory or swap space
#   Check if swap backing store is full
#   Decrease Java heap size (-Xmx/-Xms)
#   Decrease number of Java threads
#   Decrease Java thread stack sizes (-Xss)
#   Set larger code cache with -XX:ReservedCodeCacheSize=
#   JVM is running with Unscaled Compressed Oops mode in which the Java heap is
#     placed in the first 4GB address space. The Java Heap base address is the
#     maximum limit for the native heap growth. Please use -XX:HeapBaseMinAddress
#     to set the Java Heap base and to place the Java Heap above 4GB virtual address.
# This output file may be truncated or incomplete.
#
#  Out of Memory Error (allocation.cpp:44), pid=30180, tid=18644
#
# JRE version:  (21.0.5+9) (build )
# Java VM: Java HotSpot(TM) 64-Bit Server VM (21.0.5+9-LTS-239, mixed mode, sharing, tiered, compressed oops, compressed class ptrs, g1 gc, windows-amd64)
# No core dump will be written. Minidumps are not enabled by default on client versions of Windows
#

---------------  S U M M A R Y ------------

Command Line: -ea -Dfile.encoding=UTF-8 -Dstdout.encoding=UTF-8 -Dstderr.encoding=UTF-8 -XX:+ShowCodeDetailsInExceptionMessages org.testng.remote.RemoteTestNG -serport 61865 -protocol json -d C:\Users\MOUMITA PAUL\MyEclipse\com.crm.TekPyramid\test-output C:\Users\MOUMIT~1\AppData\Local\Temp\testng-eclipse-418845809\testng-customsuite.xml

Host: 11th Gen Intel(R) Core(TM) i3-1115G4 @ 3.00GHz, 4 cores, 3G,  Windows 11 , 64 bit Build 26100 (10.0.26100.4484)
Time: Fri Jul 25 13:38:31 2025 India Standard Time elapsed time: 0.150441 seconds (0d 0h 0m 0s)

---------------  T H R E A D  ---------------

Current thread (0x00000158319c7920):  JavaThread "Unknown thread" [_thread_in_vm, id=18644, stack(0x000000436f500000,0x000000436f600000) (1024K)]

Stack: [0x000000436f500000,0x000000436f600000]
Native frames: (J=compiled Java code, j=interpreted, Vv=VM code, C=native code)
V  [jvm.dll+0x6ca289]
V  [jvm.dll+0x854a51]
V  [jvm.dll+0x856f7e]
V  [jvm.dll+0x857653]
V  [jvm.dll+0x27dd26]
V  [jvm.dll+0xbf7d7]
V  [jvm.dll+0x325765]
V  [jvm.dll+0x81dddd]
V  [jvm.dll+0x3ba7c1]
V  [jvm.dll+0x807168]
V  [jvm.dll+0x44f96e]
V  [jvm.dll+0x451561]
C  [jli.dll+0x52a3]
C  [ucrtbase.dll+0x37b0]
C  [KERNEL32.DLL+0x2e8d7]
C  [ntdll.dll+0x3c34c]


---------------  P R O C E S S  ---------------

Threads class SMR info:
_java_thread_list=0x00007ffb2a18ac08, length=0, elements={
}

Java Threads: ( => current thread )
Total: 0

Other Threads:

=>0x00000158319c7920 (exited) JavaThread "Unknown thread"    [_thread_in_vm, id=18644, stack(0x000000436f500000,0x000000436f600000) (1024K)]
Total: 1

Threads with active compile tasks:
Total: 0

VM state: not at safepoint (not fully initialized)

VM Mutex/Monitor currently owned by a thread: None

Heap address: 0x0000000000000000, size: 0 MB, Compressed Oops mode: 32-bit

CDS archive(s) mapped at: [0x0000000000000000-0x0000000000000000-0x0000000000000000), size 0, SharedBaseAddress: 0x0000000800000000, ArchiveRelocationMode: 1.
Narrow klass base: 0x0000000000000000, Narrow klass shift: 0, Narrow klass range: 0x0

GC Precious Log:
 CardTable entry size: 512
 Card Set container configuration: InlinePtr #cards 5 size 8 Array Of Cards #cards 12 size 40 Howl #buckets 4 coarsen threshold 1843 Howl Bitmap #cards 512 size 80 coarsen threshold 460 Card regions per heap region 1 cards per card region 2048

GC Heap History (0 events):
No events

Dll operation events (1 events):
Event: 0.011 Loaded shared library C:\Program Files\Java\jdk-21\bin\java.dll

Deoptimization events (0 events):
No events

Classes loaded (0 events):
No events

Classes unloaded (0 events):
No events

Classes redefined (0 events):
No events

Internal exceptions (0 events):
No events

ZGC Phase Switch (0 events):
No events

VM Operations (0 events):
No events

Events (0 events):
No events


Dynamic libraries:
0x00007ff63f690000 - 0x00007ff63f6a0000 	C:\Program Files\Java\jdk-21\bin\javaw.exe
0x00007ffb4fce0000 - 0x00007ffb4ff48000 	C:\WINDOWS\SYSTEM32\ntdll.dll
0x00007ffb4f350000 - 0x00007ffb4f419000 	C:\WINDOWS\System32\KERNEL32.DLL
0x00007ffb4d130000 - 0x00007ffb4d51d000 	C:\WINDOWS\System32\KERNELBASE.dll
0x00007ffb4d520000 - 0x00007ffb4d66b000 	C:\WINDOWS\System32\ucrtbase.dll
0x00007ffb2a400000 - 0x00007ffb2a419000 	C:\Program Files\Java\jdk-21\bin\jli.dll
0x00007ffb4db80000 - 0x00007ffb4dc34000 	C:\WINDOWS\System32\ADVAPI32.dll
0x00007ffb4fac0000 - 0x00007ffb4fb69000 	C:\WINDOWS\System32\msvcrt.dll
0x00007ffb2a3e0000 - 0x00007ffb2a3fb000 	C:\Program Files\Java\jdk-21\bin\VCRUNTIME140.dll
0x00007ffb4e020000 - 0x00007ffb4e0c6000 	C:\WINDOWS\System32\sechost.dll
0x00007ffb4f170000 - 0x00007ffb4f288000 	C:\WINDOWS\System32\RPCRT4.dll
0x00007ffb4e360000 - 0x00007ffb4e52c000 	C:\WINDOWS\System32\USER32.dll
0x00007ffb4da50000 - 0x00007ffb4da77000 	C:\WINDOWS\System32\win32u.dll
0x00007ffb4fc70000 - 0x00007ffb4fc9b000 	C:\WINDOWS\System32\GDI32.dll
0x00007ffb3a220000 - 0x00007ffb3a4ba000 	C:\WINDOWS\WinSxS\amd64_microsoft.windows.common-controls_6595b64144ccf1df_6.0.26100.4484_none_3e0e6d4ce32ef3b3\COMCTL32.dll
0x00007ffb4d910000 - 0x00007ffb4da47000 	C:\WINDOWS\System32\gdi32full.dll
0x00007ffb4d7c0000 - 0x00007ffb4d863000 	C:\WINDOWS\System32\msvcp_win.dll
0x00007ffb45250000 - 0x00007ffb4525b000 	C:\WINDOWS\SYSTEM32\VERSION.dll
0x00007ffb4f290000 - 0x00007ffb4f2bf000 	C:\WINDOWS\System32\IMM32.DLL
0x00007ffb2a3d0000 - 0x00007ffb2a3dc000 	C:\Program Files\Java\jdk-21\bin\vcruntime140_1.dll
0x00007ffb2a2e0000 - 0x00007ffb2a36e000 	C:\Program Files\Java\jdk-21\bin\msvcp140.dll
0x00007ffb295c0000 - 0x00007ffb2a2d8000 	C:\Program Files\Java\jdk-21\bin\server\jvm.dll
0x00007ffb4f420000 - 0x00007ffb4f494000 	C:\WINDOWS\System32\WS2_32.dll
0x00007ffb4cca0000 - 0x00007ffb4ccfe000 	C:\WINDOWS\SYSTEM32\POWRPROF.dll
0x00007ffb40010000 - 0x00007ffb40045000 	C:\WINDOWS\SYSTEM32\WINMM.dll
0x00007ffb4cc80000 - 0x00007ffb4cc94000 	C:\WINDOWS\SYSTEM32\UMPDC.dll
0x00007ffb4bbd0000 - 0x00007ffb4bbeb000 	C:\WINDOWS\SYSTEM32\kernel.appcore.dll
0x00007ffb29580000 - 0x00007ffb2958a000 	C:\Program Files\Java\jdk-21\bin\jimage.dll
0x00007ffb4a520000 - 0x00007ffb4a761000 	C:\WINDOWS\SYSTEM32\DBGHELP.DLL
0x00007ffb4f6a0000 - 0x00007ffb4fa26000 	C:\WINDOWS\System32\combase.dll
0x00007ffb4da90000 - 0x00007ffb4db70000 	C:\WINDOWS\System32\OLEAUT32.dll
0x00007ffb326c0000 - 0x00007ffb32703000 	C:\WINDOWS\SYSTEM32\dbgcore.DLL
0x00007ffb4d870000 - 0x00007ffb4d909000 	C:\WINDOWS\System32\bcryptPrimitives.dll
0x00007ffb29560000 - 0x00007ffb2957f000 	C:\Program Files\Java\jdk-21\bin\java.dll

dbghelp: loaded successfully - version: 4.0.5 - missing functions: none
symbol engine: initialized successfully - sym options: 0x614 - pdb path: .;C:\Program Files\Java\jdk-21\bin;C:\WINDOWS\SYSTEM32;C:\WINDOWS\WinSxS\amd64_microsoft.windows.common-controls_6595b64144ccf1df_6.0.26100.4484_none_3e0e6d4ce32ef3b3;C:\Program Files\Java\jdk-21\bin\server

VM Arguments:
jvm_args: -ea -Dfile.encoding=UTF-8 -Dstdout.encoding=UTF-8 -Dstderr.encoding=UTF-8 -XX:+ShowCodeDetailsInExceptionMessages 
java_command: org.testng.remote.RemoteTestNG -serport 61865 -protocol json -d C:\Users\MOUMITA PAUL\MyEclipse\com.crm.TekPyramid\test-output C:\Users\MOUMIT~1\AppData\Local\Temp\testng-eclipse-418845809\testng-customsuite.xml
java_class_path (initial): C:\Users\MOUMITA PAUL\eclipse\java-2024-062\eclipse\configuration\org.eclipse.osgi\521\0\.cp\lib\testng-remote.jar;C:\Users\MOUMITA PAUL\MyEclipse\com.crm.TekPyramid\target\test-classes;C:\Users\MOUMITA PAUL\MyEclipse\com.crm.TekPyramid\target\classes;C:\Users\MOUMITA PAUL\.p2\pool\plugins\org.testng_7.11.0.r202503091654.jar;C:\Users\MOUMITA PAUL\.p2\pool\plugins\com.beust.jcommander_1.83.0.jar;C:\Users\MOUMITA PAUL\.p2\pool\plugins\slf4j.api_2.0.16.jar;C:\Users\MOUMITA PAUL\.p2\pool\plugins\org.yaml.snakeyaml_2.2.0.jar;C:\Users\MOUMITA PAUL\.p2\pool\plugins\org.webjars.jquery_3.7.1.jar;C:\Users\MOUMITA PAUL\.m2\repository\org\seleniumhq\selenium\selenium-java\4.27.0\selenium-java-4.27.0.jar;C:\Users\MOUMITA PAUL\.m2\repository\org\seleniumhq\selenium\selenium-api\4.27.0\selenium-api-4.27.0.jar;C:\Users\MOUMITA PAUL\.m2\repository\org\jspecify\jspecify\1.0.0\jspecify-1.0.0.jar;C:\Users\MOUMITA PAUL\.m2\repository\org\seleniumhq\selenium\selenium-chrome-driver\4.27.0\selenium-chrome-driver-4.27.0.jar;C:\Users\MOUMITA PAUL\.m2\repository\com\google\auto\service\auto-service-annotations\1.1.1\auto-service-annotations-1.1.1.jar;C:\Users\MOUMITA PAUL\.m2\repository\org\seleniumhq\selenium\selenium-chromium-driver\4.27.0\selenium-chromium-driver-4.27.0.jar;C:\Users\MOUMITA PAUL\.m2\repository\org\seleniumhq\selenium\selenium-json\4.27.0\selenium-json-4.27.0.jar;C:\Users\MOUMITA PAUL\.m2\repository\org\seleniumhq\selenium\selenium-manager\4.27.0\selenium-manager-4.27.0.jar;C:\Users\MOUMITA PAUL\.m2\repository\org\seleniumhq\selenium\selenium-devtools-v129\4.27.0\selenium-devtools-v129-4.27.0.jar;C:\Users\MOUMITA PAUL\.m2\repository\org\seleniumhq\selenium\selenium-devtools-v130\4.27.0\selenium-devtools-v130-4.27.0.jar;C:\Users\MOUMITA PAUL\.m2\repository\org\seleniumhq\selenium\selenium-devtools-v131\4.27.0\selenium-devtools-v131-4.27.0.jar;C:\Users\MOUMITA PAUL\.m2\repository\org\seleniumhq\selenium\selenium-devtools-v85\4.27.0\selenium-devtools-v85-4.27.0.jar;C:\Users\MOUMITA PAUL\.m2\repository\org\seleniumhq\selenium\selenium-edge-driver\4.27.0\selenium-edge-driver-4.27.0.jar;C:\Users\MOUMITA PAUL\.m2\repository\org\seleniumhq\selenium\selenium-firefox-driver\4.27.0\selenium-firefox-driver-4.27.0.jar;C:\Users\MOUMITA PAUL\.m2\repository\org\seleniumhq\selenium\selenium-http\4.27.0\selenium-http-4.27.0.jar;C:\Users\MOUMITA PAUL\.m2\repository\dev\failsafe\failsafe\3.3.2\failsafe-3.3.2.jar;C:\Users\MOUMITA PAUL\.m2\repository\org\seleniumhq\selenium\selenium-ie-driver\4.27.0\selenium-ie-driver-4.27.0.jar;C:\Users\MOUMITA PAUL\.m2\repository\org\seleniumhq\selenium\selenium-remote-driver\4.27.0\selenium-remote-driver-4.27.0.jar;C:\Users\MOUMITA PAUL\.m2\repository\io\opentelemetry\semconv\opentelemetry-semconv\1.25.0-alpha\opentelemetry-semconv-1.25.0-alpha.jar;C:\Users\MOUMITA PAUL\.m2\repository\io\opentelemetry\opentelemetry-api\1.44.1\opentelemetry-api-1.44.1.jar;C:\Users\MOUMITA PAUL\.m2\repository\io\opentelemetry\opentelemetry-context\1.44.1\opentelemetry-context-1.44.1.jar;C:\Users\MOUMITA PAUL\.m2\repository\io\opentelemetry\opentelemetry-exporter-logging\1.44.1\opentelemetry-exporter-logging-1.44.1.jar;C:\Users\MOUMITA PAUL\.m2\repository\io\opentelemetry\opentelemetry-sdk-common\1.44.1\opentelemetry-sdk-common-1.44.1.jar;C:\Users\MOUMITA PAUL\.m2\repository\io\opentelemetry\opentelemetry-sdk-extension-autoconfigure-spi\1.44.1\opentelemetry-sdk-extension-autoconfigure-spi-1.44.1.jar;C:\Users\MOUMITA PAUL\.m2\repository\io\opentelemetry\opentelemetry-sdk-extension-autoconfigure\1.44.1\opentelemetry-sdk-extension-autoconfigure-1.44.1.jar;C:\Users\MOUMITA PAUL\.m2\repository\io\opentelemetry\opentelemetry-api-incubator\1.44.1-alpha\opentelemetry-api-incubator-1.44.1-alpha.jar;C:\Users\MOUMITA PAUL\.m2\repository\io\opentelemetry\opentelemetry-sdk-trace\1.44.1\opentelemetry-sdk-trace-1.44.1.jar;C:\Users\MOUMITA PAUL\.m2\repository\io\opentelemetry\opentelemetry-sdk\1.44.1\opentelemetry-sdk-1.44.1.jar;C:\Users\MOUMITA PAUL\.m2\repository\io\opentelemetry\opentelemetry-sdk-metrics\1.44.1\opentelemetry-sdk-metrics-1.44.1.jar;C:\Users\MOUMITA PAUL\.m2\repository\io\opentelemetry\opentelemetry-sdk-logs\1.44.1\opentelemetry-sdk-logs-1.44.1.jar;C:\Users\MOUMITA PAUL\.m2\repository\net\bytebuddy\byte-buddy\1.15.10\byte-buddy-1.15.10.jar;C:\Users\MOUMITA PAUL\.m2\repository\org\seleniumhq\selenium\selenium-os\4.27.0\selenium-os-4.27.0.jar;C:\Users\MOUMITA PAUL\.m2\repository\org\apache\commons\commons-exec\1.4.0\commons-exec-1.4.0.jar;C:\Users\MOUMITA PAUL\.m2\repository\org\seleniumhq\selenium\selenium-safari-driver\4.27.0\selenium-safari-driver-4.27.0.jar;C:\Users\MOUMITA PAUL\.m2\repository\org\seleniumhq\selenium\selenium-support\4.27.0\selenium-support-4.27.0.jar;C:\Users\MOUMITA PAUL\.m2\repository\org\apache\poi\poi\5.2.3\poi-5.2.3.jar;C:\Users\MOUMITA PAUL\.m2\repository\commons-codec\commons-codec\1.15\commons-codec-1.15.jar;C:\Users\MOUMITA PAUL\.m2\repository\org\apache\commons\commons-collections4\4.4\commons-collections4-4.4.jar;C:\Users\MOUMITA PAUL\.m2\repository\org\apache\commons\commons-math3\3.6.1\commons-math3-3.6.1.jar;C:\Users\MOUMITA PAUL\.m2\repository\commons-io\commons-io\2.11.0\commons-io-2.11.0.jar;C:\Users\MOUMITA PAUL\.m2\repository\com\zaxxer\SparseBitSet\1.2\SparseBitSet-1.2.jar;C:\Users\MOUMITA PAUL\.m2\repository\org\apache\logging\log4j\log4j-api\2.18.0\log4j-api-2.18.0.jar;C:\Users\MOUMITA PAUL\.m2\repository\org\apache\poi\poi-ooxml\5.2.3\poi-ooxml-5.2.3.jar;C:\Users\MOUMITA PAUL\.m2\repository\org\apache\poi\poi-ooxml-lite\5.2.3\poi-ooxml-lite-5.2.3.jar;C:\Users\MOUMITA PAUL\.m2\repository\org\apache\xmlbeans\xmlbeans\5.1.1\xmlbeans-5.1.1.jar;C:\Users\MOUMITA PAUL\.m2\repository\org\apache\commons\commons-compress\1.21\commons-compress-1.21.jar;C:\Users\MOUMITA PAUL\.m2\repository\com\github\virtuald\curvesapi\1.07\curvesapi-1.07.jar;C:\Users\MOUMITA PAUL\.m2\repository\org\testng\testng\7.10.2\testng-7.10.2.jar;C:\Users\MOUMITA PAUL\.m2\repository\org\slf4j\slf4j-api\1.7.36\slf4j-api-1.7.36.jar;C:\Users\MOUMITA PAUL\.m2\repository\com\beust\jcommander\1.82\jcommander-1.82.jar;C:\Users\MOUMITA PAUL\.m2\repository\org\webjars\jquery\3.7.1\jquery-3.7.1.jar;C:\Users\MOUMITA PAUL\.m2\repository\org\projectlombok\lombok\1.18.30\lombok-1.18.30.jar;C:\Users\MOUMITA PAUL\.m2\repository\com\googlecode\json-simple\json-simple\1.1.1\json-simple-1.1.1.jar;C:\Users\MOUMITA PAUL\.m2\repository\junit\junit\4.10\junit-4.10.jar;C:\Users\MOUMITA PAUL\.m2\repository\org\hamcrest\hamcrest-core\1.1\hamcrest-core-1.1.jar;C:\Users\MOUMITA PAUL\.m2\repository\com\mysql\mysql-connector-j\8.3.0\mysql-connector-j-8.3.0.jar;C:\Users\MOUMITA PAUL\.m2\repository\com\google\protobuf\protobuf-java\3.25.1\protobuf-java-3.25.1.jar;C:\Users\MOUMITA PAUL\.m2\repository\tech\grasshopper\extent-pdf-report\2.9.0\extent-pdf-report-2.9.0.jar;C:\Users\MOUMITA PAUL\.m2\repository\tech\grasshopper\cucumber-pdf-report\2.11.0\cucumber-pdf-report-2.11.0.jar;C:\Users\MOUMITA PAUL\.m2\repository\org\apache\pdfbox\pdfbox\2.0.26\pdfbox-2.0.26.jar;C:\Users\MOUMITA PAUL\.m2\repository\org\apache\pdfbox\fontbox\2.0.26\fontbox-2.0.26.jar;C:\Users\MOUMITA PAUL\.m2\repository\org\knowm\xchart\xchart\3.8.0\xchart-3.8.0.jar;C:\Users\MOUMITA PAUL\.m2\repository\de\erichseifert\vectorgraphics2d\VectorGraphics2D\0.13\VectorGraphics2D-0.13.jar;C:\Users\MOUMITA PAUL\.m2\repository\de\rototor\pdfbox\graphics2d\0.30\graphics2d-0.30.jar;C:\Users\MOUMITA PAUL\.m2\repository\com\madgag\animated-gif-lib\1.4\animated-gif-lib-1.4.jar;C:\Users\MOUMITA PAUL\.m2\repository\org\yaml\snakeyaml\1.28\snakeyaml-1.28.jar;C:\Users\MOUMITA PAUL\.m2\repository\tech\grasshopper\table-layout\1.5.1\table-layout-1.5.1.jar;C:\Users\MOUMITA PAUL\.m2\repository\tech\grasshopper\rest-assured-cucumber-pdf-report\1.4.1\rest-assured-cucumber-pdf-report-1.4.1.jar;C:\Users\MOUMITA PAUL\.m2\repository\org\jsoup\jsoup\1.14.3\jsoup-1.14.3.jar;C:\Users\MOUMITA PAUL\.m2\repository\tech\grasshopper\extent-excel-report\1.3.0\extent-excel-report-1.3.0.jar;C:\Users\MOUMITA PAUL\.m2\repository\com\aventstack\extentreports\5.0.9\extentreports-5.0.9.jar;C:\Users\MOUMITA PAUL\.m2\repository\io\reactivex\rxjava3\rxjava\3.0.4\rxjava-3.0.4.jar;C:\Users\MOUMITA PAUL\.m2\repository\org\reactivestreams\reactive-streams\1.0.3\reactive-streams-1.0.3.jar;C:\Users\MOUMITA PAUL\.m2\repository\org\freemarker\freemarker\2.3.30\freemarker-2.3.30.jar;C:\Users\MOUMITA PAUL\.m2\repository\com\google\code\gson\gson\2.8.6\gson-2.8.6.jar;C:\Users\MOUMITA PAUL\.m2\repository\io\rest-assured\rest-assured\5.5.1\rest-assured-5.5.1.jar;C:\Users\MOUMITA PAUL\.m2\repository\org\apache\groovy\groovy\4.0.22\groovy-4.0.22.jar;C:\Users\MOUMITA PAUL\.m2\repository\org\apache\groovy\groovy-xml\4.0.22\groovy-xml-4.0.22.jar;C:\Users\MOUMITA PAUL\.m2\repository\org\apache\httpcomponents\httpclient\4.5.13\httpclient-4.5.13.jar;C:\Users\MOUMITA PAUL\.m2\repository\org\apache\httpcomponents\httpcore\4.4.13\httpcore-4.4.13.jar;C:\Users\MOUMITA PAUL\.m2\repository\commons-logging\commons-logging\1.2\commons-logging-1.2.jar;C:\Users\MOUMITA PAUL\.m2\repository\org\apache\httpcomponents\httpmime\4.5.13\httpmime-4.5.13.jar;C:\Users\MOUMITA PAUL\.m2\repository\org\hamcrest\hamcrest\2.2\hamcrest-2.2.jar;C:\Users\MOUMITA PAUL\.m2\repository\org\ccil\cowan\tagsoup\tagsoup\1.2.1\tagsoup-1.2.1.jar;C:\Users\MOUMITA PAUL\.m2\repository\io\rest-assured\json-path\5.5.1\json-path-5.5.1.jar;C:\Users\MOUMITA PAUL\.m2\repository\org\apache\groovy\groovy-json\4.0.22\groovy-json-4.0.22.jar;C:\Users\MOUMITA PAUL\.m2\repository\io\rest-assured\rest-assured-common\5.5.1\rest-assured-common-5.5.1.jar;C:\Users\MOUMITA PAUL\.m2\repository\io\rest-assured\xml-path\5.5.1\xml-path-5.5.1.jar;C:\Users\MOUMITA PAUL\.m2\repository\org\apache\commons\commons-lang3\3.16.0\commons-lang3-3.16.0.jar;C:\Users\MOUMITA PAUL\.m2\repository\com\fasterxml\jackson\core\jackson-databind\2.19.0\jackson-databind-2.19.0.jar;C:\Users\MOUMITA PAUL\.m2\repository\com\fasterxml\jackson\core\jackson-annotations\2.19.0\jackson-annotations-2.19.0.jar;C:\Users\MOUMITA PAUL\.m2\repository\com\fasterxml\jackson\core\jackson-core\2.19.0\jackson-core-2.19.0.jar;C:\Users\MOUMITA PAUL\.m2\repository\io\rest-assured\json-schema-validator\5.4.0\json-schema-validator-5.4.0.jar;C:\Users\MOUMITA PAUL\.m2\repository\com\github\java-json-tools\json-schema-validator\2.2.14\json-schema-validator-2.2.14.jar;C:\Users\MOUMITA PAUL\.m2\repository\com\github\java-json-tools\jackson-coreutils-equivalence\1.0\jackson-coreutils-equivalence-1.0.jar;C:\Users\MOUMITA PAUL\.m2\repository\com\github\java-json-tools\jackson-coreutils\2.0\jackson-coreutils-2.0.jar;C:\Users\MOUMITA PAUL\.m2\repository\com\github\java-json-tools\msg-simple\1.2\msg-simple-1.2.jar;C:\Users\MOUMITA PAUL\.m2\repository\com\github\java-json-tools\btf\1.3\btf-1.3.jar;C:\Users\MOUMITA PAUL\.m2\repository\com\github\java-json-tools\json-schema-core\1.2.14\json-schema-core-1.2.14.jar;C:\Users\MOUMITA PAUL\.m2\repository\com\github\java-json-tools\uri-template\0.10\uri-template-0.10.jar;C:\Users\MOUMITA PAUL\.m2\repository\org\mozilla\rhino\1.7.7.2\rhino-1.7.7.2.jar;C:\Users\MOUMITA PAUL\.m2\repository\com\sun\mail\mailapi\1.6.2\mailapi-1.6.2.jar;C:\Users\MOUMITA PAUL\.m2\repository\joda-time\joda-time\2.10.5\joda-time-2.10.5.jar;C:\Users\MOUMITA PAUL\.m2\repository\com\googlecode\libphonenumber\libphonenumber\8.11.1\libphonenumber-8.11.1.jar;C:\Users\MOUMITA PAUL\.m2\repository\com\google\code\findbugs\jsr305\3.0.2\jsr305-3.0.2.jar;C:\Users\MOUMITA PAUL\.m2\repository\com\google\guava\guava\32.0.1-jre\guava-32.0.1-jre.jar;C:\Users\MOUMITA PAUL\.m2\repository\com\google\guava\failureaccess\1.0.1\failureaccess-1.0.1.jar;C:\Users\MOUMITA PAUL\.m2\repository\com\google\guava\listenablefuture\9999.0-empty-to-avoid-conflict-with-guava\listenablefuture-9999.0-empty-to-avoid-conflict-with-guava.jar;C:\Users\MOUMITA PAUL\.m2\repository\org\checkerframework\checker-qual\3.33.0\checker-qual-3.33.0.jar;C:\Users\MOUMITA PAUL\.m2\repository\com\google\errorprone\error_prone_annotations\2.18.0\error_prone_annotations-2.18.0.jar;C:\Users\MOUMITA PAUL\.m2\repository\com\google\j2objc\j2objc-annotations\2.8\j2objc-annotations-2.8.jar;C:\Users\MOUMITA PAUL\.m2\repository\org\wiremock\wiremock\3.13.0\wiremock-3.13.0.jar;C:\Users\MOUMITA PAUL\.m2\repository\org\eclipse\jetty\jetty-server\11.0.24\jetty-server-11.0.24.jar;C:\Users\MOUMITA PAUL\.m2\repository\org\eclipse\jetty\jetty-http\11.0.24\jetty-http-11.0.24.jar;C:\Users\MOUMITA PAUL\.m2\repository\org\eclipse\jetty\jetty-io\11.0.24\jetty-io-11.0.24.jar;C:\Users\MOUMITA PAUL\.m2\repository\org\eclipse\jetty\toolchain\jetty-jakarta-servlet-api\5.0.2\jetty-jakarta-servlet-api-5.0.2.jar;C:\Users\MOUMITA PAUL\.m2\repository\org\eclipse\jetty\jetty-servlet\11.0.24\jetty-servlet-11.0.24.jar;C:\Users\MOUMITA PAUL\.m2\repository\org\eclipse\jetty\jetty-security\11.0.24\jetty-security-11.0.24.jar;C:\Users\MOUMITA PAUL\.m2\repository\org\eclipse\jetty\jetty-servlets\11.0.24\jetty-servlets-11.0.24.jar;C:\Users\MOUMITA PAUL\.m2\repository\org\eclipse\jetty\jetty-util\11.0.24\jetty-util-11.0.24.jar;C:\Users\MOUMITA PAUL\.m2\repository\org\eclipse\jetty\jetty-webapp\11.0.24\jetty-webapp-11.0.24.jar;C:\Users\MOUMITA PAUL\.m2\repository\org\eclipse\jetty\jetty-xml\11.0.24\jetty-xml-11.0.24.jar;C:\Users\MOUMITA PAUL\.m2\repository\org\eclipse\jetty\jetty-proxy\11.0.24\jetty-proxy-11.0.24.jar;C:\Users\MOUMITA PAUL\.m2\repository\org\eclipse\jetty\jetty-client\11.0.24\jetty-client-11.0.24.jar;C:\Users\MOUMITA PAUL\.m2\repository\org\eclipse\jetty\http2\http2-server\11.0.24\http2-server-11.0.24.jar;C:\Users\MOUMITA PAUL\.m2\repository\org\eclipse\jetty\http2\http2-common\11.0.24\http2-common-11.0.24.jar;C:\Users\MOUMITA PAUL\.m2\repository\org\eclipse\jetty\http2\http2-hpack\11.0.24\http2-hpack-11.0.24.jar;C:\Users\MOUMITA PAUL\.m2\repository\org\eclipse\jetty\jetty-alpn-server\11.0.24\jetty-alpn-server-11.0.24.jar;C:\Users\MOUMITA PAUL\.m2\repository\org\eclipse\jetty\jetty-alpn-java-server\11.0.24\jetty-alpn-java-server-11.0.24.jar;C:\Users\MOUMITA PAUL\.m2\repository\org\eclipse\jetty\jetty-alpn-java-client\11.0.24\jetty-alpn-java-client-11.0.24.jar;C:\Users\MOUMITA PAUL\.m2\repository\org\eclipse\jetty\jetty-alpn-client\11.0.24\jetty-alpn-client-11.0.24.jar;C:\Users\MOUMITA PAUL\.m2\repository\com\fasterxml\jackson\datatype\jackson-datatype-jsr310\2.18.3\jackson-datatype-jsr310-2.18.3.jar;C:\Users\MOUMITA PAUL\.m2\repository\org\apache\httpcomponents\client5\httpclient5\5.4.3\httpclient5-5.4.3.jar;C:\Users\MOUMITA PAUL\.m2\repository\org\apache\httpcomponents\core5\httpcore5\5.3.4\httpcore5-5.3.4.jar;C:\Users\MOUMITA PAUL\.m2\repository\org\apache\httpcomponents\core5\httpcore5-h2\5.3.4\httpcore5-h2-5.3.4.jar;C:\Users\MOUMITA PAUL\.m2\repository\org\xmlunit\xmlunit-core\2.10.0\xmlunit-core-2.10.0.jar;C:\Users\MOUMITA PAUL\.m2\repository\jakarta\xml\bind\jakarta.xml.bind-api\2.3.3\jakarta.xml.bind-api-2.3.3.jar;C:\Users\MOUMITA PAUL\.m2\repository\jakarta\activation\jakarta.activation-api\1.2.2\jakarta.activation-api-1.2.2.jar;C:\Users\MOUMITA PAUL\.m2\repository\org\xmlunit\xmlunit-legacy\2.10.0\xmlunit-legacy-2.10.0.jar;C:\Users\MOUMITA PAUL\.m2\repository\org\xmlunit\xmlunit-placeholders\2.10.0\xmlunit-placeholders-2.10.0.jar;C:\Users\MOUMITA PAUL\.m2\repository\net\javacrumbs\json-unit\json-unit-core\2.40.1\json-unit-core-2.40.1.jar;C:\Users\MOUMITA PAUL\.m2\repository\com\jayway\jsonpath\json-path\2.9.0\json-path-2.9.0.jar;C:\Users\MOUMITA PAUL\.m2\repository\net\minidev\json-smart\2.5.0\json-smart-2.5.0.jar;C:\Users\MOUMITA PAUL\.m2\repository\net\minidev\accessors-smart\2.5.0\accessors-smart-2.5.0.jar;C:\Users\MOUMITA PAUL\.m2\repository\net\sf\jopt-simple\jopt-simple\5.0.4\jopt-simple-5.0.4.jar;C:\Users\MOUMITA PAUL\.m2\repository\com\github\jknack\handlebars\4.3.1\handlebars-4.3.1.jar;C:\Users\MOUMITA PAUL\.m2\repository\com\github\jknack\handlebars-helpers\4.3.1\handlebars-helpers-4.3.1.jar;C:\Users\MOUMITA PAUL\.m2\repository\commons-fileupload\commons-fileupload\1.5\commons-fileupload-1.5.jar;C:\Users\MOUMITA PAUL\.m2\repository\com\networknt\json-schema-validator\1.5.6\json-schema-validator-1.5.6.jar;C:\Users\MOUMITA PAUL\.m2\repository\com\ethlo\time\itu\1.10.3\itu-1.10.3.jar;C:\Users\MOUMITA PAUL\.m2\repository\com\fasterxml\jackson\dataformat\jackson-dataformat-yaml\2.18.1\jackson-dataformat-yaml-2.18.1.jar
Launcher Type: SUN_STANDARD

[Global flags]
     intx CICompilerCount                          = 3                                         {product} {ergonomic}
     uint ConcGCThreads                            = 1                                         {product} {ergonomic}
     uint G1ConcRefinementThreads                  = 4                                         {product} {ergonomic}
   size_t G1HeapRegionSize                         = 1048576                                   {product} {ergonomic}
    uintx GCDrainStackTargetSize                   = 64                                        {product} {ergonomic}
   size_t InitialHeapSize                          = 62914560                                  {product} {ergonomic}
   size_t MarkStackSize                            = 4194304                                   {product} {ergonomic}
   size_t MaxHeapSize                              = 1002438656                                {product} {ergonomic}
   size_t MinHeapDeltaBytes                        = 1048576                                   {product} {ergonomic}
   size_t MinHeapSize                              = 8388608                                   {product} {ergonomic}
    uintx NonNMethodCodeHeapSize                   = 5832780                                {pd product} {ergonomic}
    uintx NonProfiledCodeHeapSize                  = 122912730                              {pd product} {ergonomic}
    uintx ProfiledCodeHeapSize                     = 122912730                              {pd product} {ergonomic}
    uintx ReservedCodeCacheSize                    = 251658240                              {pd product} {ergonomic}
     bool SegmentedCodeCache                       = true                                      {product} {ergonomic}
     bool ShowCodeDetailsInExceptionMessages       = true                                   {manageable} {command line}
   size_t SoftMaxHeapSize                          = 1002438656                             {manageable} {ergonomic}
     bool UseCompressedOops                        = true                           {product lp64_product} {ergonomic}
     bool UseG1GC                                  = true                                      {product} {ergonomic}
     bool UseLargePagesIndividualAllocation        = false                                  {pd product} {ergonomic}

Logging:
Log output configuration:
 #0: stdout all=warning uptime,level,tags foldmultilines=false
 #1: stderr all=off uptime,level,tags foldmultilines=false

Environment Variables:
PATH=C:\Program Files\Common Files\Oracle\Java\javapath;C:\oracle\product\10.2.0\db_4\bin;C:\Program Files\OpenLogic\jre-17.0.12.7-hotspot\bin;C:\oracle\product\10.2.0\db_2\bin;C:\oracle\product\10.2.0\db_1\bin;C:\WINDOWS\system32;C:\WINDOWS;C:\WINDOWS\System32\Wbem;C:\WINDOWS\System32\WindowsPowerShell\v1.0\;C:\WINDOWS\System32\OpenSSH\;C:\Program Files (x86)\Accops Hysecure Client\Turbo\;C:\Program Files\Java\jdk-21\bin;C:\Program Files\Git\cmd;C:\Program Files\apache-maven-3.9.9\bin;C:\Users\MOUMITA PAUL\eclipse-workspace\apache-maven-3.9.9-bin\apache-maven-3.9.9\bin;C:\Program Files\nodejs\;C:\Program Files\MySQL\MySQL Shell 8.0\bin\;C:\Users\MOUMITA PAUL\AppData\Local\Microsoft\WindowsApps;C:\Program Files\Java\jdk-22\bin;C:\Users\MOUMITA PAUL\AppData\Local\Programs\Microsoft VS Code\bin;C:\Users\MOUMITA PAUL\eclipse-workspace\apache-maven-3.9.9-bin\apache-maven-3.9.9\bin;C:\Users\MOUMITA PAUL\AppData\Roaming\npm
USERNAME=MOUMITA PAUL
OS=Windows_NT
PROCESSOR_IDENTIFIER=Intel64 Family 6 Model 140 Stepping 1, GenuineIntel
TMP=C:\Users\MOUMIT~1\AppData\Local\Temp
TEMP=C:\Users\MOUMIT~1\AppData\Local\Temp




Periodic native trim disabled

---------------  S Y S T E M  ---------------

OS:
 Windows 11 , 64 bit Build 26100 (10.0.26100.4484)
OS uptime: 14 days 16:14 hours

CPU: total 4 (initial active 4) (2 cores per cpu, 2 threads per core) family 6 model 140 stepping 1 microcode 0xbc, cx8, cmov, fxsr, ht, mmx, 3dnowpref, sse, sse2, sse3, ssse3, sse4.1, sse4.2, popcnt, lzcnt, tsc, tscinvbit, avx, avx2, aes, erms, clmul, bmi1, bmi2, adx, avx512f, avx512dq, avx512cd, avx512bw, avx512vl, sha, fma, vzeroupper, avx512_vpopcntdq, avx512_vpclmulqdq, avx512_vaes, avx512_vnni, clflush, clflushopt, clwb, avx512_vbmi2, avx512_vbmi, rdtscp, rdpid, fsrm, gfni, avx512_bitalg, f16c, pku, cet_ibt, cet_ss, avx512_ifma
Processor Information for all 4 processors :
  Max Mhz: 2995, Current Mhz: 2995, Mhz Limit: 2995

Memory: 4k page, system-wide physical 3822M (268M free)
TotalPageFile size 15598M (AvailPageFile size 0M)
current process WorkingSet (physical memory assigned to process): 11M, peak: 11M
current process commit charge ("private bytes"): 11M, peak: 12M

vm_info: Java HotSpot(TM) 64-Bit Server VM (21.0.5+9-LTS-239) for windows-amd64 JRE (21.0.5+9-LTS-239), built on 2024-09-30T05:17:38Z by "mach5one" with MS VC++ 17.6 (VS2022)

END.
